<?xml version="1.0" encoding="UTF-8"?>
<!-- Generated by org.testng.reporters.JUnitReportReporter -->
<testsuite hostname="ASOLANOC-DH01" failures="0" tests="3" name="appium007.Tests" time="58.940" errors="0" timestamp="2023-02-03T14:47:25 GMT-04:00" skipped="0">
  <testcase classname="appium007.Tests" name="testTree" time="20.220"/>
  <system-out/>
  <testcase classname="appium007.Tests" name="testOne" time="19.709"/>
  <system-out/>
  <testcase classname="appium007.Tests" name="testTwo" time="19.011"/>
  <system-out/>
</testsuite> <!-- appium007.Tests -->
