<?xml version="1.0" encoding="UTF-8"?>
<!-- Generated by org.testng.reporters.JUnitReportReporter -->
<testsuite hostname="ASOLANOC-DH01" failures="0" tests="1" name="appium004.AppiumTest004" time="82.703" errors="0" timestamp="2023-02-01T13:25:13 GMT-04:00" skipped="0">
  <testcase classname="appium004.AppiumTest004" name="sampleTest" time="82.703"/>
  <system-out/>
</testsuite> <!-- appium004.AppiumTest004 -->
