<?xml version="1.0" encoding="UTF-8"?>
<!-- Generated by org.testng.reporters.JUnitReportReporter -->
<testsuite hostname="ASOLANOC-DH01" failures="0" tests="5" name="appium011.Tests" time="32.423" errors="0" timestamp="2023-03-14T08:59:27 GMT-04:00" skipped="0">
  <testcase classname="appium011.Tests" name="testFive" time="6.797"/>
  <system-out/>
  <testcase classname="appium011.Tests" name="testThree" time="6.606"/>
  <system-out/>
  <testcase classname="appium011.Tests" name="testTwo" time="6.266"/>
  <system-out/>
  <testcase classname="appium011.Tests" name="testOne" time="6.354"/>
  <system-out/>
  <testcase classname="appium011.Tests" name="testFour" time="6.400"/>
  <system-out/>
</testsuite> <!-- appium011.Tests -->
