<?xml version="1.0" encoding="UTF-8"?>
<!-- Generated by org.testng.reporters.JUnitReportReporter -->
<testsuite hostname="ASOLANOC-DH01" failures="0" tests="1" name="appium007.Tests" time="39.895" errors="0" timestamp="2023-02-13T10:54:11 GMT-04:00" skipped="0">
  <testcase classname="appium007.Tests" name="testTwelve" time="39.895"/>
  <system-out/>
</testsuite> <!-- appium007.Tests -->
