<?xml version="1.0" encoding="UTF-8"?>
<!-- Generated by org.testng.reporters.JUnitReportReporter -->
<testsuite hostname="ASOLANOC-DH01" failures="0" tests="1" name="appium004.AppiumTest004" time="71.823" errors="0" timestamp="2023-03-14T09:12:54 GMT-04:00" skipped="0">
  <testcase classname="appium004.AppiumTest004" name="sampleTest" time="71.823"/>
  <system-out/>
</testsuite> <!-- appium004.AppiumTest004 -->
