<?xml version="1.0" encoding="UTF-8"?>
<!-- Generated by org.testng.reporters.JUnitReportReporter -->
<testsuite hostname="ASOLANOC-DH01" failures="0" tests="4" name="appium006.Tests" time="75.447" errors="0" timestamp="2023-02-03T13:16:51 GMT-04:00" skipped="0">
  <testcase classname="appium006.Tests" name="testTwo" time="19.098"/>
  <system-out/>
  <testcase classname="appium006.Tests" name="testTree" time="20.047"/>
  <system-out/>
  <testcase classname="appium006.Tests" name="scrollUpDown" time="15.954"/>
  <system-out/>
  <testcase classname="appium006.Tests" name="testOne" time="20.348"/>
  <system-out/>
</testsuite> <!-- appium006.Tests -->
